============================= test session starts =============================
platform win32 -- Python 3.13.11, pytest-9.0.2, pluggy-1.5.0 -- C:\Users\panka\miniconda3\python.exe
cachedir: .pytest_cache
rootdir: C:\Users\panka\OneDrive\Desktop\hackathon
plugins: anyio-4.12.1
collecting ... collected 91 items

tests/test_person1.py::TestDatasetGeneration::test_csv_exists PASSED     [  1%]
tests/test_person1.py::TestDatasetGeneration::test_row_count PASSED      [  2%]
tests/test_person1.py::TestDatasetGeneration::test_expected_columns PASSED [  3%]
tests/test_person1.py::TestDatasetGeneration::test_label_has_both_classes PASSED [  4%]
tests/test_person1.py::TestDatasetGeneration::test_no_fully_null_columns PASSED [  5%]
tests/test_person1.py::TestDatasetGeneration::test_company_count PASSED  [  6%]
tests/test_person1.py::TestBeneishValidation::test_satyam_exists PASSED  [  7%]
tests/test_person1.py::TestBeneishValidation::test_satyam_has_mscore PASSED [  8%]
tests/test_person1.py::TestBeneishValidation::test_satyam_flagged_near_default XFAIL [  9%]
tests/test_person1.py::TestAltmanZones::test_healthy_mostly_safe PASSED  [ 10%]
tests/test_person1.py::TestAltmanZones::test_defaulted_mostly_danger_near_default PASSED [ 12%]
tests/test_person1.py::TestCreditScorerOutputs::test_has_pd_score PASSED [ 13%]
tests/test_person1.py::TestCreditScorerOutputs::test_pd_between_0_and_1 PASSED [ 14%]
tests/test_person1.py::TestCreditScorerOutputs::test_has_credit_limit PASSED [ 15%]
tests/test_person1.py::TestCreditScorerOutputs::test_credit_limit_positive_for_non_reject PASSED [ 16%]
tests/test_person1.py::TestCreditScorerOutputs::test_has_risk_premium PASSED [ 17%]
tests/test_person1.py::TestCreditScorerOutputs::test_risk_premium_in_range PASSED [ 18%]
tests/test_person1.py::TestCreditScorerOutputs::test_has_lending_decision PASSED [ 19%]
tests/test_person1.py::TestCreditScorerOutputs::test_has_top_features PASSED [ 20%]
tests/test_person1.py::TestModelDisagreement::test_disagreement_flag_exists PASSED [ 21%]
tests/test_person1.py::TestModelDisagreement::test_disagreement_value_nonnegative PASSED [ 23%]
tests/test_person1.py::TestModelDisagreement::test_contradictory_row_triggers_uncertainty PASSED [ 24%]
tests/test_person1.py::TestNoDataLeakage::test_temporal_split_is_clean PASSED [ 25%]
tests/test_person1.py::TestNoDataLeakage::test_train_test_no_company_overlap_in_lstm PASSED [ 26%]
tests/test_person1.py::TestTrajectoryModel::test_model_file_exists PASSED [ 27%]
tests/test_person1.py::TestTrajectoryModel::test_trajectory_score_returns_valid_dict PASSED [ 28%]
tests/test_person2.py::TestNetworkGraph::test_generate_mca_data_shape PASSED [ 29%]
tests/test_person2.py::TestNetworkGraph::test_generate_mca_data_includes_demo_companies PASSED [ 30%]
tests/test_person2.py::TestNetworkGraph::test_build_promoter_network_has_nodes_and_edges PASSED [ 31%]
tests/test_person2.py::TestNetworkGraph::test_build_promoter_network_contains_target PASSED [ 32%]
tests/test_person2.py::TestNetworkGraph::test_build_promoter_network_unknown_cin PASSED [ 34%]
tests/test_person2.py::TestNetworkGraph::test_contagion_score_range_and_keys PASSED [ 35%]
tests/test_person2.py::TestNetworkGraph::test_contagion_score_npa_ratio_bounded PASSED [ 36%]
tests/test_person2.py::TestNetworkGraph::test_contagion_fallback_for_unknown_company PASSED [ 37%]
tests/test_person2.py::TestStressTestMonteCarlo::test_monte_carlo_produces_distribution PASSED [ 38%]
tests/test_person2.py::TestStressTestMonteCarlo::test_monte_carlo_default_probability_bounded PASSED [ 39%]
tests/test_person2.py::TestStressTestMonteCarlo::test_monte_carlo_covenant_trigger_reasonable PASSED [ 40%]
tests/test_person2.py::TestStressTestMonteCarlo::test_monte_carlo_simulation_count PASSED [ 41%]
tests/test_person2.py::TestStressTestMonteCarlo::test_monte_carlo_base_case_positive PASSED [ 42%]
tests/test_person2.py::TestStressTestMonteCarlo::test_monte_carlo_deterministic PASSED [ 43%]
tests/test_person2.py::TestStressNamedScenarios::test_named_scenarios_returns_four PASSED [ 45%]
tests/test_person2.py::TestStressNamedScenarios::test_rate_hike_lowers_dscr PASSED [ 46%]
tests/test_person2.py::TestStressNamedScenarios::test_revenue_decline_lowers_dscr PASSED [ 47%]
tests/test_person2.py::TestStressNamedScenarios::test_combined_adverse_is_worst PASSED [ 48%]
tests/test_person2.py::TestStressNamedScenarios::test_named_scenarios_have_verdict PASSED [ 49%]
tests/test_person2.py::TestGSTIntelligence::test_healthy_company_low_divergence PASSED [ 50%]
tests/test_person2.py::TestGSTIntelligence::test_distressed_company_high_divergence PASSED [ 51%]
tests/test_person2.py::TestGSTIntelligence::test_gst_divergence_flag_threshold PASSED [ 52%]
tests/test_person2.py::TestGSTIntelligence::test_fraud_risk_classification PASSED [ 53%]
tests/test_person2.py::TestGSTIntelligence::test_gst_health_score_bounded PASSED [ 54%]
tests/test_person2.py::TestGSTIntelligence::test_healthy_score_beats_distressed PASSED [ 56%]
tests/test_person2.py::TestGSTIntelligence::test_filing_delay_metrics_present PASSED [ 57%]
tests/test_person2.py::TestGSTIntelligence::test_ewaybill_metrics_present PASSED [ 58%]
tests/test_person2.py::TestGSTIntelligence::test_unknown_company_defaults_to_healthy PASSED [ 59%]
tests/test_person2.py::TestDNAMatching::test_healthy_company_low_similarity PASSED [ 60%]
tests/test_person2.py::TestDNAMatching::test_satyam_fingerprint_match PASSED [ 61%]
tests/test_person2.py::TestDNAMatching::test_ilfs_fingerprint_match PASSED [ 62%]
tests/test_person2.py::TestDNAMatching::test_kingfisher_fingerprint_match PASSED [ 63%]
tests/test_person2.py::TestDNAMatching::test_dna_warning_generated_for_high_similarity PASSED [ 64%]
tests/test_person2.py::TestDNAMatching::test_dna_warning_none_for_low_similarity PASSED [ 65%]
tests/test_person2.py::TestDNAMatching::test_all_six_archetypes_present PASSED [ 67%]
tests/test_person2.py::TestDNAMatching::test_similarity_scores_bounded PASSED [ 68%]
tests/test_person2.py::TestSatelliteModule::test_fallback_returns_valid_dict PASSED [ 69%]
tests/test_person2.py::TestSatelliteModule::test_fallback_classification_valid PASSED [ 70%]
tests/test_person2.py::TestSatelliteModule::test_fallback_activity_score_bounded PASSED [ 71%]
tests/test_person2.py::TestSatelliteModule::test_fallback_has_ndvi_and_brightness PASSED [ 72%]
tests/test_person2.py::TestSatelliteModule::test_dormant_factory_low_score PASSED [ 73%]
tests/test_person2.py::TestSatelliteModule::test_revenue_consistency_flag PASSED [ 74%]
tests/test_person2.py::TestSatelliteModule::test_revenue_consistency_no_flag_when_consistent PASSED [ 75%]
tests/test_person2.py::TestSatelliteModule::test_synthetic_image_shape PASSED [ 76%]
tests/test_person2.py::TestSatelliteModule::test_compute_activity_from_images PASSED [ 78%]
tests/test_person2.py::TestSatelliteModule::test_active_image_scores_higher_than_dormant PASSED [ 79%]
tests/test_person2.py::TestCrossModuleIntegration::test_macro_scenarios_shape PASSED [ 80%]
tests/test_person2.py::TestCrossModuleIntegration::test_shock_variables_within_bounds PASSED [ 81%]
tests/test_person2.py::TestCrossModuleIntegration::test_gst_filings_dataframe_valid PASSED [ 82%]
tests/test_person3.py::TestResearchAgent::test_research_agent_returns_structured_output PASSED [ 83%]
tests/test_person3.py::TestResearchAgent::test_research_agent_fallback_flag PASSED [ 84%]
tests/test_person3.py::TestApprovalAgent::test_approval_agent_produces_bull_case PASSED [ 85%]
tests/test_person3.py::TestApprovalAgent::test_bull_case_is_non_empty_with_sections PASSED [ 86%]
tests/test_person3.py::TestDissentAgent::test_dissent_agent_produces_bear_case PASSED [ 87%]
tests/test_person3.py::TestCoordinator::test_coordinator_produces_valid_recommendation PASSED [ 89%]
tests/test_person3.py::TestCoordinator::test_coordinator_reject_for_high_pd PASSED [ 90%]
tests/test_person3.py::TestCoordinator::test_coordinator_approve_for_strong_company PASSED [ 91%]
tests/test_person3.py::TestCAMGenerator::test_cam_generator_creates_docx PASSED [ 92%]
tests/test_person3.py::TestCAMGenerator::test_cam_generator_handles_missing_data PASSED [ 93%]
tests/test_person3.py::TestCAMGenerator::test_cam_filename_format PASSED [ 94%]
tests/test_person3.py::TestCEOInterviewFallback::test_ceo_interview_fallback_returns_valid_dict PASSED [ 95%]
tests/test_person3.py::TestCEOInterviewFallback::test_ceo_interview_fallback_no_company_data PASSED [ 96%]
tests/test_person3.py::TestCEOInterviewFallback::test_ceo_interview_healthy_vs_stressed_company PASSED [ 97%]
tests/test_person3.py::TestCEOInterviewFallback::test_management_quality_score_function PASSED [ 98%]
tests/test_person3.py::TestAdversarialPipelineIntegration::test_full_adversarial_pipeline PASSED [100%]

============================== warnings summary ===============================
tests/test_person1.py::TestModelDisagreement::test_disagreement_flag_exists
tests/test_person1.py::TestModelDisagreement::test_disagreement_value_nonnegative
tests/test_person1.py::TestModelDisagreement::test_contradictory_row_triggers_uncertainty
  C:\Users\panka\miniconda3\Lib\site-packages\sklearn\utils\validation.py:2691: UserWarning: X does not have valid feature names, but StandardScaler was fitted with feature names
    warnings.warn(

-- Docs: https://docs.pytest.org/en/stable/how-to/capture-warnings.html
================= 90 passed, 1 xfailed, 3 warnings in 11.53s ==================
